[debug] [2025-10-19T15:33:10.187Z] ----------------------------------------------------------------------
[debug] [2025-10-19T15:33:10.193Z] Command:       C:\Program Files\nodejs\node.exe C:\Users\ruben\AppData\Roaming\npm\node_modules\firebase-tools\lib\bin\firebase.js init
[debug] [2025-10-19T15:33:10.193Z] CLI Version:   14.20.0
[debug] [2025-10-19T15:33:10.194Z] Platform:      win32
[debug] [2025-10-19T15:33:10.194Z] Node Version:  v22.17.1
[debug] [2025-10-19T15:33:10.194Z] Time:          Sun Oct 19 2025 17:33:10 GMT+0200 (Central European Summer Time)
[debug] [2025-10-19T15:33:10.195Z] ----------------------------------------------------------------------
[debug] 
[info] 
     ######## #### ########  ######## ########     ###     ######  ########
     ##        ##  ##     ## ##       ##     ##  ##   ##  ##       ##
     ######    ##  ########  ######   ########  #########  ######  ######
     ##        ##  ##    ##  ##       ##     ## ##     ##       ## ##
     ##       #### ##     ## ######## ########  ##     ##  ######  ########

You're about to initialize a Firebase project in this directory:

  C:\Users\ruben\Desktop\Sam-1039540.github.io-main

[info] 
=== Project Setup
[info] 
[info] First, let's associate this project directory with a Firebase project.
[info] You can create multiple project aliases by running firebase use --add, 
[info] 
[debug] [2025-10-19T15:34:11.545Z] > command requires scopes: ["email","openid","https://www.googleapis.com/auth/cloudplatformprojects.readonly","https://www.googleapis.com/auth/firebase","https://www.googleapis.com/auth/cloud-platform"]
[debug] [2025-10-19T15:34:11.546Z] > authorizing via signed-in user (rubenhorstman1@gmail.com)
[debug] [2025-10-19T15:34:11.550Z] Checked if tokens are valid: true, expires at: 1760891574517
[debug] [2025-10-19T15:34:11.550Z] Checked if tokens are valid: true, expires at: 1760891574517
[debug] [2025-10-19T15:34:11.553Z] >>> [apiv2][query] GET https://firebase.googleapis.com/v1beta1/projects pageSize=100
[debug] [2025-10-19T15:34:12.446Z] <<< [apiv2][status] GET https://firebase.googleapis.com/v1beta1/projects 200
[debug] [2025-10-19T15:34:12.446Z] <<< [apiv2][body] GET https://firebase.googleapis.com/v1beta1/projects [omitted]
[info] 
=== Hosting Setup
[debug] [2025-10-19T15:34:14.172Z] Checked if tokens are valid: true, expires at: 1760891574517
[debug] [2025-10-19T15:34:14.173Z] Checked if tokens are valid: true, expires at: 1760891574517
[debug] [2025-10-19T15:34:14.173Z] >>> [apiv2][query] GET https://firebase.googleapis.com/v1beta1/projects/casa2025-3bd59 [none]
[debug] [2025-10-19T15:34:14.584Z] <<< [apiv2][status] GET https://firebase.googleapis.com/v1beta1/projects/casa2025-3bd59 200
[debug] [2025-10-19T15:34:14.584Z] <<< [apiv2][body] GET https://firebase.googleapis.com/v1beta1/projects/casa2025-3bd59 {"projectId":"casa2025-3bd59","projectNumber":"960127858391","displayName":"casa2025","name":"projects/casa2025-3bd59","resources":{"hostingSite":"casa2025-3bd59","realtimeDatabaseInstance":"casa2025-3bd59-default-rtdb"},"state":"ACTIVE","etag":"1_8c8f591c-cef5-47e7-a5a5-597b7cbee795"}
[info] 
[info] Your public directory is the folder (relative to your project directory) that
[info] will contain Hosting assets to be uploaded with firebase deploy. If you
[info] have a build process for your assets, use your build's output directory.
[info] 
[debug] [2025-10-19T15:34:23.914Z] >>> [apiv2][query] GET https://www.gstatic.com/firebasejs/releases.json [none]
[debug] [2025-10-19T15:34:23.981Z] <<< [apiv2][status] GET https://www.gstatic.com/firebasejs/releases.json 200
[debug] [2025-10-19T15:34:23.981Z] <<< [apiv2][body] GET https://www.gstatic.com/firebasejs/releases.json {"current":{"version":"12.4.0","browserURL":"https://www.gstatic.com/firebasejs/12.4.0/firebase.js","packageURL":"https://www.gstatic.com/firebasejs/12.4.0/firebase.tgz"},"live":{"version":"12.4","browserURL":"https://www.gstatic.com/firebasejs/live/12.4/firebase.js","packageURL":"https://www.gstatic.com/firebasejs/live/12.4/firebase.tgz"},"components":{"ai":"https://www.gstatic.com/firebasejs/12.4.0/firebase-ai.js","analytics":"https://www.gstatic.com/firebasejs/12.4.0/firebase-analytics.js","app":"https://www.gstatic.com/firebasejs/12.4.0/firebase-app.js","app-check":"https://www.gstatic.com/firebasejs/12.4.0/firebase-app-check.js","auth":"https://www.gstatic.com/firebasejs/12.4.0/firebase-auth.js","auth/cordova":"https://www.gstatic.com/firebasejs/12.4.0/firebase-auth/cordova.js","auth/web-extension":"https://www.gstatic.com/firebasejs/12.4.0/firebase-auth/web-extension.js","functions":"https://www.gstatic.com/firebasejs/12.4.0/firebase-functions.js","firestore":"https://www.gstatic.com/firebasejs/12.4.0/firebase-firestore.js","firestore/lite":"https://www.gstatic.com/firebasejs/12.4.0/firebase-firestore/lite.js","installations":"https://www.gstatic.com/firebasejs/12.4.0/firebase-installations.js","storage":"https://www.gstatic.com/firebasejs/12.4.0/firebase-storage.js","performance":"https://www.gstatic.com/firebasejs/12.4.0/firebase-performance.js","remote-config":"https://www.gstatic.com/firebasejs/12.4.0/firebase-remote-config.js","messaging":"https://www.gstatic.com/firebasejs/12.4.0/firebase-messaging.js","messaging/sw":"https://www.gstatic.com/firebasejs/12.4.0/firebase-messaging/sw.js","database":"https://www.gstatic.com/firebasejs/12.4.0/firebase-database.js","data-connect":"https://www.gstatic.com/firebasejs/12.4.0/firebase-data-connect.js","firestore.memory":"https://www.gstatic.com/firebasejs/12.4.0/firebase-firestore.memory.js"}}
[info] +  Wrote public/index.html 
[info] 
[info] i  Didn't detect a .git folder. Assuming C:\Users\ruben\Desktop\Sam-1039540.github.io-main is the project root. 
[info] i  Authorizing with GitHub to upload your service account to a GitHub repository's secrets store. 
[info] 
[info] Visit this URL on this device to log in:
[info] https://github.com/login/oauth/authorize?client_id=89cf50f02ac6aaed3484&state=256029000&redirect_uri=http%3A%2F%2Flocalhost%3A9005&scope=read%3Auser%20repo%20public_repo
[info] 
[info] Waiting for authentication...
[debug] [2025-10-19T15:34:54.215Z] >>> [apiv2][query] POST https://github.com/login/oauth/access_token [none]
[debug] [2025-10-19T15:34:54.216Z] >>> [apiv2][body] POST https://github.com/login/oauth/access_token [stream]
[debug] [2025-10-19T15:34:54.493Z] <<< [apiv2][status] POST https://github.com/login/oauth/access_token 200
[debug] [2025-10-19T15:34:54.493Z] <<< [apiv2][body] POST https://github.com/login/oauth/access_token {"access_token":"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","token_type":"bearer","scope":"read:user,repo"}
[debug] [2025-10-19T15:34:54.504Z] >>> [apiv2][query] GET https://api.github.com/user [none]
[debug] [2025-10-19T15:34:54.802Z] <<< [apiv2][status] GET https://api.github.com/user 200
[debug] [2025-10-19T15:34:54.802Z] <<< [apiv2][body] GET https://api.github.com/user {"login":"rubenhorstman1-sys","id":239013286,"node_id":"U_kgDODj8Npg","avatar_url":"https://avatars.githubusercontent.com/u/239013286?v=4","gravatar_id":"","url":"https://api.github.com/users/rubenhorstman1-sys","html_url":"https://github.com/rubenhorstman1-sys","followers_url":"https://api.github.com/users/rubenhorstman1-sys/followers","following_url":"https://api.github.com/users/rubenhorstman1-sys/following{/other_user}","gists_url":"https://api.github.com/users/rubenhorstman1-sys/gists{/gist_id}","starred_url":"https://api.github.com/users/rubenhorstman1-sys/starred{/owner}{/repo}","subscriptions_url":"https://api.github.com/users/rubenhorstman1-sys/subscriptions","organizations_url":"https://api.github.com/users/rubenhorstman1-sys/orgs","repos_url":"https://api.github.com/users/rubenhorstman1-sys/repos","events_url":"https://api.github.com/users/rubenhorstman1-sys/events{/privacy}","received_events_url":"https://api.github.com/users/rubenhorstman1-sys/received_events","type":"User","user_view_type":"private","site_admin":false,"name":null,"company":null,"blog":"","location":null,"email":null,"hireable":null,"bio":null,"twitter_username":null,"notification_email":null,"public_repos":0,"public_gists":0,"followers":0,"following":0,"created_at":"2025-10-19T15:34:50Z","updated_at":"2025-10-19T15:34:50Z","private_gists":0,"total_private_repos":0,"owned_private_repos":0,"disk_usage":0,"collaborators":0,"two_factor_authentication":false,"plan":{"name":"free","space":976562499,"collaborators":0,"private_repos":10000}}
[info] 
[info] +  Success! Logged into GitHub as rubenhorstman1-sys 
[info] 
[debug] [2025-10-19T15:36:07.390Z] >>> [apiv2][query] GET https://api.github.com/repos/casa2025/actions/secrets/public-key type=owner
[debug] [2025-10-19T15:36:07.575Z] <<< [apiv2][status] GET https://api.github.com/repos/casa2025/actions/secrets/public-key 404
[debug] [2025-10-19T15:36:07.576Z] <<< [apiv2][body] GET https://api.github.com/repos/casa2025/actions/secrets/public-key {"message":"Not Found","documentation_url":"https://docs.github.com/rest","status":"404"}
[info] 
[info] 
[error] !  The provided authorization cannot be used with this repository. If this repository is in an organization, did you remember to grant access? 
[info] 
[info] i  Action required: Visit this URL to ensure access has been granted to the appropriate organization(s) for the Firebase CLI GitHub OAuth App: 
[info] https://github.com/settings/connections/applications/89cf50f02ac6aaed3484
[info] 
